  Zombies.cpp
c:\users\morgane\documents\visual studio 2015\projects\zombies\zombies\zombies.cpp(27): warning C4018: '<': signed/unsigned mismatch
c:\users\morgane\documents\visual studio 2015\projects\zombies\zombies\zombies.cpp(40): warning C4018: '<': signed/unsigned mismatch
c:\users\morgane\documents\visual studio 2015\projects\zombies\zombies\zombies.cpp(65): warning C4018: '<': signed/unsigned mismatch
c:\users\morgane\documents\visual studio 2015\projects\zombies\zombies\zombies.cpp(70): warning C4018: '<': signed/unsigned mismatch
c:\users\morgane\documents\visual studio 2015\projects\zombies\zombies\zombies.cpp(94): warning C4244: 'argument': conversion from 'double' to 'float', possible loss of data
c:\users\morgane\documents\visual studio 2015\projects\zombies\zombies\zombies.cpp(97): warning C4018: '<': signed/unsigned mismatch
c:\users\morgane\documents\visual studio 2015\projects\zombies\zombies\zombies.cpp(100): warning C4244: '=': conversion from 'double' to 'float', possible loss of data
c:\users\morgane\documents\visual studio 2015\projects\zombies\zombies\zombies.cpp(117): warning C4018: '<': signed/unsigned mismatch
c:\users\morgane\documents\visual studio 2015\projects\zombies\zombies\zombies.cpp(134): warning C4018: '<': signed/unsigned mismatch
c:\users\morgane\documents\visual studio 2015\projects\zombies\zombies\zombies.cpp(150): warning C4244: '=': conversion from 'double' to 'float', possible loss of data
c:\users\morgane\documents\visual studio 2015\projects\zombies\zombies\zombies.cpp(151): warning C4018: '<': signed/unsigned mismatch
c:\users\morgane\documents\visual studio 2015\projects\zombies\zombies\zombies.cpp(175): warning C4018: '<': signed/unsigned mismatch
c:\users\morgane\documents\visual studio 2015\projects\zombies\zombies\zombies.cpp(189): warning C4018: '<': signed/unsigned mismatch
c:\users\morgane\documents\visual studio 2015\projects\zombies\zombies\zombies.cpp(192): warning C4018: '<': signed/unsigned mismatch
c:\users\morgane\documents\visual studio 2015\projects\zombies\zombies\zombies.cpp(198): warning C4018: '<': signed/unsigned mismatch
c:\users\morgane\documents\visual studio 2015\projects\zombies\zombies\zombies.cpp(208): warning C4018: '<': signed/unsigned mismatch
c:\users\morgane\documents\visual studio 2015\projects\zombies\zombies\zombies.cpp(211): warning C4018: '<': signed/unsigned mismatch
c:\users\morgane\documents\visual studio 2015\projects\zombies\zombies\zombies.cpp(216): warning C4018: '<': signed/unsigned mismatch
c:\users\morgane\documents\visual studio 2015\projects\zombies\zombies\zombies.cpp(231): warning C4018: '<': signed/unsigned mismatch
c:\users\morgane\documents\visual studio 2015\projects\zombies\zombies\zombies.cpp(233): warning C4018: '<': signed/unsigned mismatch
c:\users\morgane\documents\visual studio 2015\projects\zombies\zombies\zombies.cpp(243): warning C4018: '<': signed/unsigned mismatch
c:\users\morgane\documents\visual studio 2015\projects\zombies\zombies\zombies.cpp(255): warning C4018: '<': signed/unsigned mismatch
c:\users\morgane\documents\visual studio 2015\projects\zombies\zombies\zombies.cpp(286): warning C4018: '<': signed/unsigned mismatch
c:\users\morgane\documents\visual studio 2015\projects\zombies\zombies\zombies.cpp(291): warning C4018: '<': signed/unsigned mismatch
c:\users\morgane\documents\visual studio 2015\projects\zombies\zombies\zombies.cpp(352): warning C4244: 'argument': conversion from 'int' to 'float', possible loss of data
c:\users\morgane\documents\visual studio 2015\projects\zombies\zombies\zombies.cpp(358): warning C4018: '<': signed/unsigned mismatch
c:\users\morgane\documents\visual studio 2015\projects\zombies\zombies\zombies.cpp(360): warning C4018: '<': signed/unsigned mismatch
c:\users\morgane\documents\visual studio 2015\projects\zombies\zombies\zombies.cpp(371): warning C4244: '=': conversion from 'double' to 'float', possible loss of data
c:\users\morgane\documents\visual studio 2015\projects\zombies\zombies\zombies.cpp(381): warning C4018: '<': signed/unsigned mismatch
c:\users\morgane\documents\visual studio 2015\projects\zombies\zombies\zombies.cpp(388): warning C4018: '<': signed/unsigned mismatch
c:\users\morgane\documents\visual studio 2015\projects\zombies\zombies\zombies.cpp(405): warning C4018: '<': signed/unsigned mismatch
  Zombies.vcxproj -> c:\users\morgane\documents\visual studio 2015\Projects\Zombies\Debug\Zombies.exe
  Zombies.vcxproj -> c:\users\morgane\documents\visual studio 2015\Projects\Zombies\Debug\Zombies.pdb (Full PDB)
